<?xml version="1.0" encoding="UTF-8"?>
<!-- Generated by org.testng.reporters.JUnitReportReporter -->
<testsuite hostname="QSP" failures="0" tests="3" name="testNg.Test1" time="0.028" errors="0" timestamp="2021-04-01T17:14:03 IST" skipped="1">
  <testcase classname="testNg.Test1" name="chats" time="0.004"/>
  <testcase classname="testNg.Test1" name="calls" time="0.024"/>
  <testcase classname="testNg.Test1" name="blocks">
    <skipped/>
  </testcase> <!-- blocks -->
</testsuite> <!-- testNg.Test1 -->
