<?xml version="1.0" encoding="UTF-8"?>
<!-- Generated by org.testng.reporters.JUnitReportReporter -->
<testsuite hostname="QSP" failures="0" tests="1" name="testNg.Parallel" time="46.597" errors="0" timestamp="2021-04-02T17:12:41 IST" skipped="0">
  <testcase classname="testNg.Parallel" name="demo" time="46.597"/>
</testsuite> <!-- testNg.Parallel -->
