<?xml version="1.0" encoding="UTF-8"?>
<!-- Generated by org.testng.reporters.JUnitReportReporter -->
<testsuite hostname="QSP" failures="0" tests="1" name="testNg.TC2" time="19.308" errors="0" timestamp="2021-04-02T17:00:03 IST" skipped="0">
  <testcase classname="testNg.TC2" name="forgotPassword" time="19.308"/>
</testsuite> <!-- testNg.TC2 -->
