<?xml version="1.0" encoding="UTF-8"?>
<!-- Generated by org.testng.reporters.JUnitReportReporter -->
<testsuite hostname="QSP" failures="0" tests="1" name="testNg.Test0" time="0.050" errors="0" timestamp="2021-04-01T16:53:51 IST" skipped="0">
  <testcase classname="testNg.Test0" name="demo" time="0.050"/>
</testsuite> <!-- testNg.Test0 -->
