<?xml version="1.0" encoding="UTF-8"?>
<!-- Generated by org.testng.reporters.JUnitReportReporter -->
<testsuite hostname="QSP" failures="0" tests="1" name="testNg.TC1" time="9.092" errors="0" timestamp="2021-04-02T17:00:03 IST" skipped="0">
  <testcase classname="testNg.TC1" name="Login" time="9.092"/>
</testsuite> <!-- testNg.TC1 -->
